<?xml version="1.0" encoding="UTF-8"?>
<!-- Generated by org.testng.reporters.JUnitXMLReporter -->
<testsuite ignored="0" hostname="Sajans-MacBook-Air.local" failures="1" tests="1" name="RegisterTest" time="15.56" errors="0" timestamp="2025-07-17T13:36:34 IST">
  <testcase classname="tests.RegisterTest" name="Register" time="9.112">
    <failure type="java.lang.AssertionError" message="registration failed expected [true] but found [false]">
      <![CDATA[java.lang.AssertionError: registration failed expected [true] but found [false]
at tests.RegisterTest.Register(RegisterTest.java:78)
at java.base/java.util.ArrayList.forEach(ArrayList.java:1596)
at java.base/java.util.concurrent.FutureTask.run(FutureTask.java:317)
at java.base/java.util.concurrent.ThreadPoolExecutor.runWorker(ThreadPoolExecutor.java:1144)
at java.base/java.util.concurrent.ThreadPoolExecutor$Worker.run(ThreadPoolExecutor.java:642)
at java.base/java.lang.Thread.run(Thread.java:1583)
... Removed 19 stack frames]]>
    </failure>
  </testcase> <!-- Register -->
</testsuite> <!-- RegisterTest -->
