<?xml version="1.0" encoding="UTF-8"?>
<!-- Generated by org.testng.reporters.JUnitXMLReporter -->
<testsuite ignored="0" hostname="Sajans-MacBook-Air.local" failures="1" tests="1" name="TestFour" time="9.027" errors="0" timestamp="2025-07-17T13:36:27 IST">
  <testcase classname="tests.TestFour" name="fourTest" time="8.082">
    <failure type="java.lang.AssertionError" message="Forcing failure to test screenshot expected [true] but found [false]">
      <![CDATA[java.lang.AssertionError: Forcing failure to test screenshot expected [true] but found [false]
at tests.TestFour.fourTest(TestFour.java:24)
at java.base/java.util.ArrayList.forEach(ArrayList.java:1596)
at java.base/java.util.concurrent.FutureTask.run(FutureTask.java:317)
at java.base/java.util.concurrent.ThreadPoolExecutor.runWorker(ThreadPoolExecutor.java:1144)
at java.base/java.util.concurrent.ThreadPoolExecutor$Worker.run(ThreadPoolExecutor.java:642)
at java.base/java.lang.Thread.run(Thread.java:1583)
... Removed 19 stack frames]]>
    </failure>
  </testcase> <!-- fourTest -->
</testsuite> <!-- TestFour -->
