<?xml version="1.0" encoding="UTF-8"?>
<!-- Generated by org.testng.reporters.JUnitXMLReporter -->
<testsuite ignored="0" hostname="Sajans-MacBook-Air.local" failures="1" tests="6" name="Test" time="29.634" errors="0" timestamp="2025-07-11T15:31:09 IST">
  <testcase classname="tests.TestFour" name="fourTest" time="0.006"/>
  <testcase classname="tests.RegisterTest" name="Register" time="7.089">
    <failure type="java.lang.AssertionError" message="expected:&amp;lt;Register Account&amp;gt; but was:&amp;lt;Your Account Has Been Created!&amp;gt;">
      <![CDATA[java.lang.AssertionError: expected:<Register Account> but was:<Your Account Has Been Created!>
at tests.RegisterTest.Register(RegisterTest.java:70)
at java.base/java.util.ArrayList.forEach(ArrayList.java:1596)
... Removed 27 stack frames]]>
    </failure>
  </testcase> <!-- Register -->
  <testcase classname="tests.LoginTest" name="Login" time="3.482"/>
  <testcase classname="tests.LoginTest" name="Login" time="3.19"/>
  <testcase classname="tests.LoginTest" name="Login" time="3.785"/>
  <testcase classname="tests.TestThree" name="threeTest" time="0.001"/>
</testsuite> <!-- Test -->
