<?xml version="1.0" encoding="UTF-8"?>
<!-- Generated by org.testng.reporters.JUnitXMLReporter -->
<testsuite ignored="0" hostname="Sajans-MacBook-Air.local" failures="1" tests="4" name="Test" time="16.574" errors="0" timestamp="2025-07-16T14:36:09 IST">
  <testcase classname="tests.TestFour" name="fourTest" time="0.003"/>
  <testcase classname="tests.RegisterTest" name="Register" time="6.424">
    <failure type="java.lang.AssertionError" message="expected:&amp;lt;Register Account&amp;gt; but was:&amp;lt;Your Account Has Been Created!&amp;gt;">
      <![CDATA[java.lang.AssertionError: expected:<Register Account> but was:<Your Account Has Been Created!>
at tests.RegisterTest.Register(RegisterTest.java:70)
at java.base/java.util.ArrayList.forEach(ArrayList.java:1596)
... Removed 31 stack frames]]>
    </failure>
  </testcase> <!-- Register -->
  <testcase classname="tests.LoginTest" name="Login" time="4.023"/>
  <testcase classname="tests.TestThree" name="threeTest" time="0.001"/>
</testsuite> <!-- Test -->
